<?xml version="1.0" encoding="UTF-8"?>
<testng-results skipped="2" failed="0" total="2" passed="0">
  <reporter-output>
  </reporter-output>
  <suite name="Suite" duration-ms="267" started-at="2019-04-28T17:11:04Z" finished-at="2019-04-28T17:11:04Z">
    <groups>
    </groups>
    <test name="Test" duration-ms="267" started-at="2019-04-28T17:11:04Z" finished-at="2019-04-28T17:11:04Z">
      <class name="com.amazon.testcases.SiginPageTest">
        <test-method status="FAIL" signature="openBrowser(java.lang.String, java.lang.String)[pri:0, instance:com.amazon.testcases.SiginPageTest@11531931]" name="openBrowser" is-config="true" duration-ms="0" started-at="2019-04-28T22:41:04Z" finished-at="2019-04-28T22:41:04Z">
          <params>
            <param index="0">
              <value>
                <![CDATA[chrome]]>
              </value>
            </param>
            <param index="1">
              <value>
                <![CDATA[https://www.amazon.in]]>
              </value>
            </param>
          </params>
          <exception class="java.lang.IllegalStateException">
            <message>
              <![CDATA[The driver executable does not exist: C:\Users\Rajeshwar.S\Downloads\chromedriver_win32 (1)\chromedriver.exe]]>
            </message>
            <full-stacktrace>
              <![CDATA[java.lang.IllegalStateException: The driver executable does not exist: C:\Users\Rajeshwar.S\Downloads\chromedriver_win32 (1)\chromedriver.exe
	at com.google.common.base.Preconditions.checkState(Preconditions.java:588)
	at org.openqa.selenium.remote.service.DriverService.checkExecutable(DriverService.java:137)
	at org.openqa.selenium.remote.service.DriverService.findExecutable(DriverService.java:132)
	at org.openqa.selenium.chrome.ChromeDriverService.access$000(ChromeDriverService.java:35)
	at org.openqa.selenium.chrome.ChromeDriverService$Builder.findDefaultExecutable(ChromeDriverService.java:156)
	at org.openqa.selenium.remote.service.DriverService$Builder.build(DriverService.java:346)
	at org.openqa.selenium.chrome.ChromeDriverService.createDefaultService(ChromeDriverService.java:91)
	at org.openqa.selenium.chrome.ChromeDriver.<init>(ChromeDriver.java:123)
	at com.amazon.utility.BaseClassTwo.initChrome(BaseClassTwo.java:26)
	at com.amazon.utility.BaseClassTwo.openBrowser(BaseClassTwo.java:43)
	at sun.reflect.NativeMethodAccessorImpl.invoke0(Native Method)
	at sun.reflect.NativeMethodAccessorImpl.invoke(NativeMethodAccessorImpl.java:62)
	at sun.reflect.DelegatingMethodAccessorImpl.invoke(DelegatingMethodAccessorImpl.java:43)
	at java.lang.reflect.Method.invoke(Method.java:498)
	at org.testng.internal.MethodInvocationHelper.invokeMethod(MethodInvocationHelper.java:86)
	at org.testng.internal.Invoker.invokeConfigurationMethod(Invoker.java:514)
	at org.testng.internal.Invoker.invokeConfigurations(Invoker.java:215)
	at org.testng.internal.Invoker.invokeConfigurations(Invoker.java:142)
	at org.testng.internal.TestMethodWorker.invokeBeforeClassMethods(TestMethodWorker.java:178)
	at org.testng.internal.TestMethodWorker.run(TestMethodWorker.java:108)
	at org.testng.TestRunner.privateRun(TestRunner.java:782)
	at org.testng.TestRunner.run(TestRunner.java:632)
	at org.testng.SuiteRunner.runTest(SuiteRunner.java:366)
	at org.testng.SuiteRunner.runSequentially(SuiteRunner.java:361)
	at org.testng.SuiteRunner.privateRun(SuiteRunner.java:319)
	at org.testng.SuiteRunner.run(SuiteRunner.java:268)
	at org.testng.SuiteRunnerWorker.runSuite(SuiteRunnerWorker.java:52)
	at org.testng.SuiteRunnerWorker.run(SuiteRunnerWorker.java:86)
	at org.testng.TestNG.runSuitesSequentially(TestNG.java:1244)
	at org.testng.TestNG.runSuitesLocally(TestNG.java:1169)
	at org.testng.TestNG.run(TestNG.java:1064)
	at org.testng.remote.RemoteTestNG.run(RemoteTestNG.java:113)
	at org.testng.remote.RemoteTestNG.initAndRun(RemoteTestNG.java:206)
	at org.testng.remote.RemoteTestNG.main(RemoteTestNG.java:177)
]]>
            </full-stacktrace>
          </exception> <!-- java.lang.IllegalStateException -->
          <reporter-output>
          </reporter-output>
        </test-method> <!-- openBrowser -->
        <test-method status="SKIP" signature="setUp()[pri:0, instance:com.amazon.testcases.SiginPageTest@11531931]" name="setUp" is-config="true" duration-ms="0" started-at="2019-04-28T22:41:04Z" finished-at="2019-04-28T22:41:04Z">
          <reporter-output>
          </reporter-output>
        </test-method> <!-- setUp -->
        <test-method status="SKIP" signature="verifySignIn(java.lang.String, java.lang.String)[pri:0, instance:com.amazon.testcases.SiginPageTest@11531931]" name="verifySignIn" duration-ms="3" started-at="2019-04-28T22:41:04Z" data-provider="getSignInData" finished-at="2019-04-28T22:41:04Z">
          <params>
            <param index="0">
              <value>
                <![CDATA[sharma.rajeshwar9@gmail.com]]>
              </value>
            </param>
            <param index="1">
              <value>
                <![CDATA[passwordone]]>
              </value>
            </param>
          </params>
          <reporter-output>
          </reporter-output>
        </test-method> <!-- verifySignIn -->
        <test-method status="SKIP" signature="verifyUserAbleToSignUp()[pri:0, instance:com.amazon.testcases.SiginPageTest@11531931]" name="verifyUserAbleToSignUp" duration-ms="5" started-at="2019-04-28T22:41:04Z" finished-at="2019-04-28T22:41:04Z">
          <reporter-output>
          </reporter-output>
        </test-method> <!-- verifyUserAbleToSignUp -->
        <test-method status="SKIP" signature="closeBrowser()[pri:0, instance:com.amazon.testcases.SiginPageTest@11531931]" name="closeBrowser" is-config="true" duration-ms="0" started-at="2019-04-28T22:41:04Z" finished-at="2019-04-28T22:41:04Z">
          <reporter-output>
          </reporter-output>
        </test-method> <!-- closeBrowser -->
      </class> <!-- com.amazon.testcases.SiginPageTest -->
    </test> <!-- Test -->
  </suite> <!-- Suite -->
</testng-results>
